ASSERTION	AAEDAAEBAwAAAAAAAIizQA==
ASSERTION	AAICAAIBAAAAAAAAABRA
ASSERTION	AAECAAMEAAAAAAAAgFZA
RUN	acmevolar.model.ClienteCreaReservaCSV	clientecreareservacsv	1590716211648	 	3.3.1
USER	Clients create books	1	START	1590716213668	1590716213668
REQUEST	1		Home	1590716213773	1590716213846	OK	 
USER	Clients create books	2	START	1590716215698	1590716215698
REQUEST	2		Home	1590716215700	1590716215716	OK	 
USER	Clients create books	3	START	1590716217647	1590716217647
REQUEST	3		Home	1590716217648	1590716217660	OK	 
USER	Clients create books	4	START	1590716219648	1590716219648
REQUEST	4		Home	1590716219649	1590716219664	OK	 
USER	Clients create books	5	START	1590716221638	1590716221638
REQUEST	5		Home	1590716221639	1590716221647	OK	 
USER	Clients create books	6	START	1590716223648	1590716223648
REQUEST	6		Home	1590716223649	1590716223745	OK	 
REQUEST	1		LoginFormClient	1590716223875	1590716223880	OK	 
USER	Clients create books	7	START	1590716225628	1590716225628
REQUEST	7		Home	1590716225629	1590716225637	OK	 
REQUEST	2		LoginFormClient	1590716225724	1590716225727	OK	 
USER	Clients create books	8	START	1590716227648	1590716227648
REQUEST	8		Home	1590716227649	1590716227656	OK	 
REQUEST	3		LoginFormClient	1590716227675	1590716227679	OK	 
USER	Clients create books	9	START	1590716229635	1590716229635
REQUEST	9		Home	1590716229635	1590716229652	OK	 
REQUEST	4		LoginFormClient	1590716229679	1590716229682	OK	 
USER	Clients create books	10	START	1590716231637	1590716231637
REQUEST	10		Home	1590716231638	1590716231644	OK	 
REQUEST	5		LoginFormClient	1590716231660	1590716231662	OK	 
USER	Clients create books	11	START	1590716233635	1590716233635
REQUEST	11		Home	1590716233635	1590716233644	OK	 
REQUEST	6		LoginFormClient	1590716233769	1590716233772	OK	 
USER	Clients create books	12	START	1590716235637	1590716235637
REQUEST	12		Home	1590716235638	1590716235644	OK	 
REQUEST	7		LoginFormClient	1590716235659	1590716235663	OK	 
USER	Clients create books	13	START	1590716237637	1590716237637
REQUEST	13		Home	1590716237638	1590716237652	OK	 
REQUEST	8		LoginFormClient	1590716237668	1590716237672	OK	 
USER	Clients create books	14	START	1590716239635	1590716239635
REQUEST	14		Home	1590716239636	1590716239641	OK	 
REQUEST	9		LoginFormClient	1590716239668	1590716239671	OK	 
REQUEST	1		LoggedClient	1590716239884	1590716239890	OK	 
REQUEST	1		LoggedClient Redirect 1	1590716239895	1590716239900	OK	 
USER	Clients create books	15	START	1590716241634	1590716241634
REQUEST	15		Home	1590716241635	1590716241640	OK	 
REQUEST	10		LoginFormClient	1590716241656	1590716241659	OK	 
REQUEST	2		LoggedClient	1590716241735	1590716241741	OK	 
REQUEST	2		LoggedClient Redirect 1	1590716241742	1590716241748	OK	 
USER	Clients create books	16	START	1590716243636	1590716243636
REQUEST	16		Home	1590716243637	1590716243642	OK	 
REQUEST	11		LoginFormClient	1590716243669	1590716243672	OK	 
REQUEST	3		LoggedClient	1590716243690	1590716243695	OK	 
REQUEST	3		LoggedClient Redirect 1	1590716243696	1590716243700	OK	 
USER	Clients create books	17	START	1590716245636	1590716245636
REQUEST	17		Home	1590716245636	1590716245648	OK	 
REQUEST	12		LoginFormClient	1590716245657	1590716245660	OK	 
REQUEST	4		LoggedClient	1590716245690	1590716245695	OK	 
REQUEST	4		LoggedClient Redirect 1	1590716245696	1590716245700	OK	 
USER	Clients create books	18	START	1590716247634	1590716247634
REQUEST	18		Home	1590716247635	1590716247653	OK	 
REQUEST	13		LoginFormClient	1590716247667	1590716247670	OK	 
REQUEST	5		LoggedClient	1590716247667	1590716247673	OK	 
REQUEST	5		LoggedClient Redirect 1	1590716247674	1590716247677	OK	 
USER	Clients create books	19	START	1590716249634	1590716249634
REQUEST	19		Home	1590716249635	1590716249640	OK	 
REQUEST	14		LoginFormClient	1590716249657	1590716249660	OK	 
REQUEST	6		LoggedClient	1590716249768	1590716249774	OK	 
REQUEST	6		LoggedClient Redirect 1	1590716249775	1590716249778	OK	 
USER	Clients create books	20	START	1590716251634	1590716251634
REQUEST	20		Home	1590716251635	1590716251640	OK	 
REQUEST	15		LoginFormClient	1590716251656	1590716251660	OK	 
REQUEST	7		LoggedClient	1590716251657	1590716251662	OK	 
REQUEST	7		LoggedClient Redirect 1	1590716251663	1590716251669	OK	 
USER	Clients create books	21	START	1590716253645	1590716253645
REQUEST	21		Home	1590716253646	1590716253651	OK	 
REQUEST	16		LoginFormClient	1590716253657	1590716253659	OK	 
REQUEST	8		LoggedClient	1590716253679	1590716253684	OK	 
REQUEST	8		LoggedClient Redirect 1	1590716253685	1590716253689	OK	 
USER	Clients create books	22	START	1590716255649	1590716255649
REQUEST	22		Home	1590716255650	1590716255655	OK	 
REQUEST	17		LoginFormClient	1590716255664	1590716255667	OK	 
REQUEST	9		LoggedClient	1590716255675	1590716255680	OK	 
REQUEST	9		LoggedClient Redirect 1	1590716255681	1590716255693	OK	 
REQUEST	1		CreateBook	1590716255897	1590716255918	OK	 
USER	Clients create books	23	START	1590716257634	1590716257634
REQUEST	23		Home	1590716257635	1590716257640	OK	 
REQUEST	18		LoginFormClient	1590716257667	1590716257670	OK	 
REQUEST	10		LoggedClient	1590716257667	1590716257673	OK	 
REQUEST	10		LoggedClient Redirect 1	1590716257673	1590716257677	OK	 
REQUEST	2		CreateBook	1590716257755	1590716257772	OK	 
USER	Clients create books	24	START	1590716259638	1590716259638
REQUEST	24		Home	1590716259639	1590716259644	OK	 
REQUEST	19		LoginFormClient	1590716259660	1590716259663	OK	 
REQUEST	11		LoggedClient	1590716259665	1590716259669	OK	 
REQUEST	11		LoggedClient Redirect 1	1590716259670	1590716259675	OK	 
REQUEST	3		CreateBook	1590716259686	1590716259703	OK	 
USER	Clients create books	25	START	1590716261639	1590716261639
REQUEST	25		Home	1590716261640	1590716261653	OK	 
REQUEST	20		LoginFormClient	1590716261655	1590716261657	OK	 
REQUEST	12		LoggedClient	1590716261665	1590716261670	OK	 
REQUEST	12		LoggedClient Redirect 1	1590716261671	1590716261674	OK	 
REQUEST	4		CreateBook	1590716261686	1590716261708	OK	 
USER	Clients create books	26	START	1590716263644	1590716263644
REQUEST	26		Home	1590716263645	1590716263650	OK	 
REQUEST	21		LoginFormClient	1590716263666	1590716263669	OK	 
REQUEST	13		LoggedClient	1590716263677	1590716263683	OK	 
REQUEST	13		LoggedClient Redirect 1	1590716263683	1590716263687	OK	 
REQUEST	5		CreateBook	1590716263688	1590716263703	OK	 
USER	Clients create books	27	START	1590716265637	1590716265637
REQUEST	27		Home	1590716265638	1590716265643	OK	 
REQUEST	22		LoginFormClient	1590716265664	1590716265668	OK	 
REQUEST	14		LoggedClient	1590716265665	1590716265670	OK	 
REQUEST	14		LoggedClient Redirect 1	1590716265671	1590716265678	OK	 
REQUEST	6		CreateBook	1590716265776	1590716265794	OK	 
USER	Clients create books	28	START	1590716267639	1590716267639
REQUEST	28		Home	1590716267640	1590716267647	OK	 
REQUEST	23		LoginFormClient	1590716267654	1590716267657	OK	 
REQUEST	15		LoggedClient	1590716267665	1590716267670	OK	 
REQUEST	15		LoggedClient Redirect 1	1590716267670	1590716267674	OK	 
REQUEST	7		CreateBook	1590716267676	1590716267689	OK	 
USER	Clients create books	29	START	1590716269638	1590716269638
REQUEST	29		Home	1590716269639	1590716269644	OK	 
REQUEST	24		LoginFormClient	1590716269654	1590716269657	OK	 
REQUEST	16		LoggedClient	1590716269665	1590716269670	OK	 
REQUEST	16		LoggedClient Redirect 1	1590716269671	1590716269682	OK	 
REQUEST	8		CreateBook	1590716269685	1590716269702	OK	 
USER	Clients create books	30	START	1590716271648	1590716271648
REQUEST	30		Home	1590716271649	1590716271654	OK	 
REQUEST	25		LoginFormClient	1590716271674	1590716271678	OK	 
REQUEST	17		LoggedClient	1590716271675	1590716271680	OK	 
REQUEST	17		LoggedClient Redirect 1	1590716271681	1590716271686	OK	 
REQUEST	9		CreateBook	1590716271685	1590716271705	OK	 
USER	Clients create books	31	START	1590716273648	1590716273648
REQUEST	31		Home	1590716273649	1590716273654	OK	 
REQUEST	26		LoginFormClient	1590716273670	1590716273673	OK	 
REQUEST	18		LoggedClient	1590716273675	1590716273680	OK	 
REQUEST	18		LoggedClient Redirect 1	1590716273681	1590716273690	OK	 
REQUEST	10		CreateBook	1590716273675	1590716273693	OK	 
REQUEST	1		BookCreated	1590716273925	1590716273947	OK	 
USER	Clients create books	32	START	1590716275639	1590716275639
REQUEST	32		Home	1590716275639	1590716275644	OK	 
REQUEST	27		LoginFormClient	1590716275654	1590716275657	OK	 
REQUEST	19		LoggedClient	1590716275655	1590716275660	OK	 
REQUEST	19		LoggedClient Redirect 1	1590716275661	1590716275665	OK	 
REQUEST	11		CreateBook	1590716275686	1590716275708	OK	 
REQUEST	2		BookCreated	1590716275766	1590716275787	OK	 
USER	Clients create books	33	START	1590716277635	1590716277635
REQUEST	33		Home	1590716277635	1590716277641	OK	 
REQUEST	28		LoginFormClient	1590716277657	1590716277660	OK	 
REQUEST	20		LoggedClient	1590716277668	1590716277673	OK	 
REQUEST	20		LoggedClient Redirect 1	1590716277674	1590716277677	OK	 
REQUEST	12		CreateBook	1590716277689	1590716277703	OK	 
REQUEST	3		BookCreated	1590716277709	1590716277729	OK	 
USER	Clients create books	34	START	1590716279638	1590716279638
REQUEST	34		Home	1590716279639	1590716279651	OK	 
REQUEST	29		LoginFormClient	1590716279655	1590716279658	OK	 
REQUEST	21		LoggedClient	1590716279676	1590716279681	OK	 
REQUEST	21		LoggedClient Redirect 1	1590716279681	1590716279685	OK	 
REQUEST	13		CreateBook	1590716279686	1590716279709	OK	 
REQUEST	4		BookCreated	1590716279730	1590716279749	OK	 
USER	Clients create books	35	START	1590716281634	1590716281634
REQUEST	35		Home	1590716281635	1590716281640	OK	 
REQUEST	30		LoginFormClient	1590716281667	1590716281670	OK	 
REQUEST	22		LoggedClient	1590716281678	1590716281684	OK	 
REQUEST	22		LoggedClient Redirect 1	1590716281685	1590716281693	OK	 
REQUEST	14		CreateBook	1590716281678	1590716281701	OK	 
REQUEST	5		BookCreated	1590716281706	1590716281734	OK	 
USER	Clients create books	36	START	1590716283629	1590716283629
REQUEST	36		Home	1590716283630	1590716283635	OK	 
REQUEST	23		LoggedClient	1590716283655	1590716283661	OK	 
REQUEST	31		LoginFormClient	1590716283666	1590716283670	OK	 
REQUEST	23		LoggedClient Redirect 1	1590716283661	1590716283684	OK	 
REQUEST	15		CreateBook	1590716283666	1590716283685	OK	 
REQUEST	6		BookCreated	1590716283795	1590716283822	OK	 
USER	Clients create books	1	END	1590716213668	1590716283947
USER	Clients create books	37	START	1590716285639	1590716285639
REQUEST	37		Home	1590716285640	1590716285647	OK	 
REQUEST	32		LoginFormClient	1590716285655	1590716285660	OK	 
REQUEST	24		LoggedClient	1590716285655	1590716285663	OK	 
REQUEST	24		LoggedClient Redirect 1	1590716285664	1590716285669	OK	 
REQUEST	16		CreateBook	1590716285676	1590716285697	OK	 
REQUEST	7		BookCreated	1590716285692	1590716285719	OK	 
USER	Clients create books	2	END	1590716215698	1590716285800
USER	Clients create books	38	START	1590716287637	1590716287637
REQUEST	38		Home	1590716287637	1590716287643	OK	 
REQUEST	33		LoginFormClient	1590716287659	1590716287661	OK	 
REQUEST	25		LoggedClient	1590716287680	1590716287685	OK	 
REQUEST	25		LoggedClient Redirect 1	1590716287686	1590716287697	OK	 
REQUEST	17		CreateBook	1590716287685	1590716287705	OK	 
USER	Clients create books	3	END	1590716217647	1590716287725
REQUEST	8		BookCreated	1590716287705	1590716287731	OK	 
USER	Clients create books	39	START	1590716289634	1590716289634
REQUEST	39		Home	1590716289635	1590716289639	OK	 
REQUEST	34		LoginFormClient	1590716289655	1590716289657	OK	 
REQUEST	26		LoggedClient	1590716289665	1590716289669	OK	 
REQUEST	26		LoggedClient Redirect 1	1590716289670	1590716289673	OK	 
REQUEST	18		CreateBook	1590716289696	1590716289724	OK	 
REQUEST	9		BookCreated	1590716289708	1590716289730	OK	 
USER	Clients create books	4	END	1590716219648	1590716289740
USER	Clients create books	40	START	1590716291640	1590716291640
REQUEST	40		Home	1590716291640	1590716291645	OK	 
REQUEST	35		LoginFormClient	1590716291654	1590716291657	OK	 
REQUEST	27		LoggedClient	1590716291665	1590716291670	OK	 
REQUEST	27		LoggedClient Redirect 1	1590716291670	1590716291673	OK	 
REQUEST	19		CreateBook	1590716291676	1590716291690	OK	 
REQUEST	10		BookCreated	1590716291688	1590716291712	OK	 
USER	Clients create books	5	END	1590716221638	1590716291724
USER	Clients create books	41	START	1590716293637	1590716293637
REQUEST	41		Home	1590716293638	1590716293646	OK	 
REQUEST	36		LoginFormClient	1590716293648	1590716293651	OK	 
REQUEST	28		LoggedClient	1590716293670	1590716293675	OK	 
REQUEST	28		LoggedClient Redirect 1	1590716293676	1590716293681	OK	 
REQUEST	20		CreateBook	1590716293670	1590716293687	OK	 
REQUEST	11		BookCreated	1590716293708	1590716293732	OK	 
USER	Clients create books	6	END	1590716223648	1590716293824
USER	Clients create books	42	START	1590716295635	1590716295635
REQUEST	42		Home	1590716295636	1590716295641	OK	 
REQUEST	37		LoginFormClient	1590716295668	1590716295671	OK	 
REQUEST	29		LoggedClient	1590716295668	1590716295673	OK	 
REQUEST	29		LoggedClient Redirect 1	1590716295674	1590716295677	OK	 
REQUEST	21		CreateBook	1590716295679	1590716295695	OK	 
USER	Clients create books	7	END	1590716225628	1590716295704
REQUEST	12		BookCreated	1590716295690	1590716295712	OK	 
USER	Clients create books	43	START	1590716297628	1590716297628
REQUEST	43		Home	1590716297628	1590716297633	OK	 
REQUEST	38		LoginFormClient	1590716297654	1590716297657	OK	 
REQUEST	30		LoggedClient	1590716297675	1590716297680	OK	 
REQUEST	30		LoggedClient Redirect 1	1590716297681	1590716297692	OK	 
REQUEST	22		CreateBook	1590716297708	1590716297724	OK	 
USER	Clients create books	8	END	1590716227648	1590716297742
REQUEST	13		BookCreated	1590716297708	1590716297770	OK	 
USER	Clients create books	44	START	1590716299636	1590716299636
REQUEST	44		Home	1590716299636	1590716299641	OK	 
REQUEST	39		LoginFormClient	1590716299658	1590716299661	OK	 
REQUEST	31		LoggedClient	1590716299680	1590716299685	OK	 
REQUEST	31		LoggedClient Redirect 1	1590716299686	1590716299690	OK	 
REQUEST	23		CreateBook	1590716299685	1590716299701	OK	 
REQUEST	14		BookCreated	1590716299696	1590716299718	OK	 
USER	Clients create books	9	END	1590716229635	1590716299739
USER	Clients create books	45	START	1590716301637	1590716301637
REQUEST	45		Home	1590716301637	1590716301642	OK	 
REQUEST	40		LoginFormClient	1590716301658	1590716301661	OK	 
REQUEST	32		LoggedClient	1590716301669	1590716301674	OK	 
REQUEST	32		LoggedClient Redirect 1	1590716301674	1590716301678	OK	 
REQUEST	24		CreateBook	1590716301684	1590716301700	OK	 
REQUEST	15		BookCreated	1590716301684	1590716301706	OK	 
USER	Clients create books	10	END	1590716231637	1590716301716
USER	Clients create books	46	START	1590716303636	1590716303636
REQUEST	46		Home	1590716303636	1590716303650	OK	 
REQUEST	41		LoginFormClient	1590716303658	1590716303661	OK	 
REQUEST	33		LoggedClient	1590716303658	1590716303664	OK	 
REQUEST	33		LoggedClient Redirect 1	1590716303664	1590716303668	OK	 
REQUEST	25		CreateBook	1590716303690	1590716303711	OK	 
USER	Clients create books	11	END	1590716233635	1590716303727
REQUEST	16		BookCreated	1590716303705	1590716303728	OK	 
USER	Clients create books	47	START	1590716305639	1590716305639
REQUEST	47		Home	1590716305640	1590716305645	OK	 
REQUEST	42		LoginFormClient	1590716305654	1590716305657	OK	 
REQUEST	34		LoggedClient	1590716305676	1590716305681	OK	 
REQUEST	34		LoggedClient Redirect 1	1590716305682	1590716305690	OK	 
REQUEST	26		CreateBook	1590716305676	1590716305694	OK	 
REQUEST	17		BookCreated	1590716305698	1590716305720	OK	 
USER	Clients create books	12	END	1590716235637	1590716305720
USER	Clients create books	48	START	1590716307626	1590716307626
REQUEST	48		Home	1590716307627	1590716307631	OK	 
REQUEST	43		LoginFormClient	1590716307649	1590716307651	OK	 
REQUEST	35		LoggedClient	1590716307664	1590716307669	OK	 
REQUEST	35		LoggedClient Redirect 1	1590716307670	1590716307696	OK	 
REQUEST	27		CreateBook	1590716307664	1590716307697	OK	 
REQUEST	18		BookCreated	1590716307716	1590716307740	OK	 
USER	Clients create books	13	END	1590716237637	1590716307774
USER	Clients create books	49	START	1590716309639	1590716309639
REQUEST	49		Home	1590716309643	1590716309649	OK	 
REQUEST	44		LoginFormClient	1590716309656	1590716309661	OK	 
REQUEST	36		LoggedClient	1590716309657	1590716309663	OK	 
REQUEST	36		LoggedClient Redirect 1	1590716309664	1590716309667	OK	 
REQUEST	28		CreateBook	1590716309678	1590716309696	OK	 
REQUEST	19		BookCreated	1590716309691	1590716309717	OK	 
USER	Clients create books	14	END	1590716239635	1590716309726
USER	Clients create books	50	START	1590716311639	1590716311639
REQUEST	50		Home	1590716311640	1590716311645	OK	 
REQUEST	45		LoginFormClient	1590716311654	1590716311659	OK	 
REQUEST	37		LoggedClient	1590716311665	1590716311670	OK	 
REQUEST	29		CreateBook	1590716311665	1590716311683	OK	 
REQUEST	37		LoggedClient Redirect 1	1590716311671	1590716311691	OK	 
USER	Clients create books	15	END	1590716241634	1590716311718
REQUEST	20		BookCreated	1590716311697	1590716311721	OK	 
REQUEST	38		LoggedClient	1590716313655	1590716313659	OK	 
REQUEST	38		LoggedClient Redirect 1	1590716313660	1590716313663	OK	 
REQUEST	46		LoginFormClient	1590716313665	1590716313668	OK	 
REQUEST	30		CreateBook	1590716313697	1590716313720	OK	 
USER	Clients create books	16	END	1590716243636	1590716313730
REQUEST	21		BookCreated	1590716313709	1590716313733	OK	 
REQUEST	47		LoginFormClient	1590716315656	1590716315660	OK	 
REQUEST	39		LoggedClient	1590716315657	1590716315663	OK	 
REQUEST	39		LoggedClient Redirect 1	1590716315664	1590716315668	OK	 
REQUEST	31		CreateBook	1590716315688	1590716315702	OK	 
USER	Clients create books	17	END	1590716245636	1590716315719
REQUEST	22		BookCreated	1590716315709	1590716315728	OK	 
REQUEST	48		LoginFormClient	1590716317649	1590716317651	OK	 
REQUEST	40		LoggedClient	1590716317670	1590716317675	OK	 
REQUEST	32		CreateBook	1590716317670	1590716317690	OK	 
REQUEST	40		LoggedClient Redirect 1	1590716317675	1590716317725	OK	 
USER	Clients create books	18	END	1590716247634	1590716317751
REQUEST	23		BookCreated	1590716317712	1590716317760	OK	 
REQUEST	49		LoginFormClient	1590716319659	1590716319662	OK	 
REQUEST	41		LoggedClient	1590716319669	1590716319674	OK	 
REQUEST	41		LoggedClient Redirect 1	1590716319675	1590716319682	OK	 
REQUEST	33		CreateBook	1590716319669	1590716319687	OK	 
USER	Clients create books	19	END	1590716249634	1590716319717
REQUEST	24		BookCreated	1590716319695	1590716319718	OK	 
REQUEST	50		LoginFormClient	1590716321657	1590716321661	OK	 
REQUEST	42		LoggedClient	1590716321669	1590716321675	OK	 
REQUEST	42		LoggedClient Redirect 1	1590716321676	1590716321684	OK	 
REQUEST	34		CreateBook	1590716321685	1590716321705	OK	 
USER	Clients create books	20	END	1590716251634	1590716321716
REQUEST	25		BookCreated	1590716321717	1590716321741	OK	 
REQUEST	43		LoggedClient	1590716323658	1590716323663	OK	 
REQUEST	43		LoggedClient Redirect 1	1590716323663	1590716323667	OK	 
USER	Clients create books	21	END	1590716253645	1590716323715
REQUEST	26		BookCreated	1590716323694	1590716323724	OK	 
REQUEST	35		CreateBook	1590716323694	1590716323724	OK	 
REQUEST	44		LoggedClient	1590716325670	1590716325675	OK	 
REQUEST	44		LoggedClient Redirect 1	1590716325676	1590716325687	OK	 
REQUEST	36		CreateBook	1590716325675	1590716325691	OK	 
REQUEST	27		BookCreated	1590716325706	1590716325726	OK	 
USER	Clients create books	22	END	1590716255649	1590716325738
REQUEST	45		LoggedClient	1590716327666	1590716327671	OK	 
REQUEST	45		LoggedClient Redirect 1	1590716327672	1590716327675	OK	 
REQUEST	37		CreateBook	1590716327697	1590716327718	OK	 
REQUEST	28		BookCreated	1590716327709	1590716327735	OK	 
USER	Clients create books	23	END	1590716257634	1590716327744
REQUEST	46		LoggedClient	1590716329676	1590716329682	OK	 
REQUEST	38		CreateBook	1590716329676	1590716329694	OK	 
REQUEST	46		LoggedClient Redirect 1	1590716329682	1590716329703	OK	 
REQUEST	29		BookCreated	1590716329695	1590716329717	OK	 
USER	Clients create books	24	END	1590716259638	1590716329730
REQUEST	47		LoggedClient	1590716331666	1590716331676	OK	 
REQUEST	47		LoggedClient Redirect 1	1590716331677	1590716331684	OK	 
REQUEST	39		CreateBook	1590716331675	1590716331698	OK	 
USER	Clients create books	25	END	1590716261639	1590716331737
REQUEST	30		BookCreated	1590716331717	1590716331761	OK	 
REQUEST	48		LoggedClient	1590716333656	1590716333661	OK	 
REQUEST	48		LoggedClient Redirect 1	1590716333661	1590716333665	OK	 
REQUEST	31		BookCreated	1590716333698	1590716333723	OK	 
USER	Clients create books	26	END	1590716263644	1590716333725
REQUEST	40		CreateBook	1590716333720	1590716333734	OK	 
REQUEST	49		LoggedClient	1590716335669	1590716335673	OK	 
REQUEST	41		CreateBook	1590716335669	1590716335687	OK	 
REQUEST	49		LoggedClient Redirect 1	1590716335674	1590716335693	OK	 
REQUEST	32		BookCreated	1590716335695	1590716335718	OK	 
USER	Clients create books	27	END	1590716265637	1590716335736
REQUEST	50		LoggedClient	1590716337667	1590716337672	OK	 
REQUEST	50		LoggedClient Redirect 1	1590716337673	1590716337676	OK	 
REQUEST	42		CreateBook	1590716337687	1590716337718	OK	 
REQUEST	33		BookCreated	1590716337688	1590716337720	OK	 
USER	Clients create books	28	END	1590716267639	1590716337727
REQUEST	43		CreateBook	1590716339656	1590716339671	OK	 
USER	Clients create books	29	END	1590716269638	1590716339715
REQUEST	34		BookCreated	1590716339715	1590716339740	OK	 
REQUEST	44		CreateBook	1590716341688	1590716341705	OK	 
USER	Clients create books	30	END	1590716271648	1590716341758
REQUEST	35		BookCreated	1590716341736	1590716341771	OK	 
REQUEST	45		CreateBook	1590716343667	1590716343683	OK	 
REQUEST	36		BookCreated	1590716343687	1590716343708	OK	 
USER	Clients create books	31	END	1590716273648	1590716343724
REQUEST	46		CreateBook	1590716345711	1590716345733	OK	 
USER	Clients create books	32	END	1590716275639	1590716345755
REQUEST	37		BookCreated	1590716345776	1590716345812	OK	 
REQUEST	47		CreateBook	1590716347684	1590716347700	OK	 
REQUEST	38		BookCreated	1590716347685	1590716347707	OK	 
USER	Clients create books	33	END	1590716277635	1590716347727
REQUEST	48		CreateBook	1590716349659	1590716349675	OK	 
REQUEST	39		BookCreated	1590716349685	1590716349706	OK	 
USER	Clients create books	34	END	1590716279638	1590716349737
REQUEST	49		CreateBook	1590716351695	1590716351723	OK	 
USER	Clients create books	35	END	1590716281634	1590716351749
REQUEST	40		BookCreated	1590716351738	1590716351760	OK	 
REQUEST	50		CreateBook	1590716353689	1590716353705	OK	 
USER	Clients create books	36	END	1590716283629	1590716353709
REQUEST	41		BookCreated	1590716353705	1590716353731	OK	 
REQUEST	42		BookCreated	1590716355716	1590716355745	OK	 
USER	Clients create books	37	END	1590716285639	1590716355780
REQUEST	43		BookCreated	1590716357680	1590716357707	OK	 
USER	Clients create books	38	END	1590716287637	1590716357719
REQUEST	44		BookCreated	1590716359696	1590716359720	OK	 
USER	Clients create books	39	END	1590716289634	1590716359728
REQUEST	45		BookCreated	1590716361688	1590716361721	OK	 
USER	Clients create books	40	END	1590716291640	1590716361746
USER	Clients create books	41	END	1590716293637	1590716363726
REQUEST	46		BookCreated	1590716363736	1590716363768	OK	 
REQUEST	47		BookCreated	1590716365708	1590716365735	OK	 
USER	Clients create books	42	END	1590716295635	1590716365740
USER	Clients create books	43	END	1590716297628	1590716367701
REQUEST	48		BookCreated	1590716367689	1590716367712	OK	 
USER	Clients create books	44	END	1590716299636	1590716369724
REQUEST	49		BookCreated	1590716369725	1590716369755	OK	 
REQUEST	50		BookCreated	1590716371688	1590716371710	OK	 
USER	Clients create books	45	END	1590716301637	1590716371724
USER	Clients create books	46	END	1590716303636	1590716373758
USER	Clients create books	47	END	1590716305639	1590716375725
USER	Clients create books	48	END	1590716307626	1590716377695
USER	Clients create books	49	END	1590716309639	1590716379749
USER	Clients create books	50	END	1590716311639	1590716381705
